<?xml version="1.0" encoding="UTF-8"?>
<testng-results skipped="0" failed="0" total="5" passed="5">
  <reporter-output>
  </reporter-output>
  <suite name="Suite" duration-ms="61" started-at="2019-06-24T08:59:36Z" finished-at="2019-06-24T08:59:36Z">
    <groups>
    </groups>
    <test name="Test" duration-ms="61" started-at="2019-06-24T08:59:36Z" finished-at="2019-06-24T08:59:36Z">
      <class name="iron.dataprovider">
        <test-method status="PASS" signature="f()[pri:0, instance:iron.dataprovider@2ac1fdc4]" name="f" duration-ms="2" started-at="2019-06-24T14:29:36Z" finished-at="2019-06-24T14:29:36Z">
          <reporter-output>
          </reporter-output>
        </test-method> <!-- f -->
      </class> <!-- iron.dataprovider -->
      <class name="iron.NewTest2">
        <test-method status="PASS" signature="login(java.lang.String, java.lang.String)[pri:0, instance:iron.NewTest2@5f150435]" name="login" duration-ms="1" started-at="2019-06-24T14:29:36Z" data-provider="dp" finished-at="2019-06-24T14:29:36Z">
          <params>
            <param index="0">
              <value>
                <![CDATA[asd]]>
              </value>
            </param>
            <param index="1">
              <value>
                <![CDATA[a]]>
              </value>
            </param>
          </params>
          <reporter-output>
          </reporter-output>
        </test-method> <!-- login -->
        <test-method status="PASS" signature="login(java.lang.String, java.lang.String)[pri:0, instance:iron.NewTest2@5f150435]" name="login" duration-ms="3" started-at="2019-06-24T14:29:36Z" data-provider="dp" finished-at="2019-06-24T14:29:36Z">
          <params>
            <param index="0">
              <value>
                <![CDATA[fgh]]>
              </value>
            </param>
            <param index="1">
              <value>
                <![CDATA[b]]>
              </value>
            </param>
          </params>
          <reporter-output>
          </reporter-output>
        </test-method> <!-- login -->
      </class> <!-- iron.NewTest2 -->
      <class name="iron.NewTest1">
        <test-method status="PASS" signature="beforetest()[pri:0, instance:iron.NewTest1@71e7a66b]" name="beforetest" is-config="true" duration-ms="12" started-at="2019-06-24T14:29:36Z" finished-at="2019-06-24T14:29:36Z">
          <reporter-output>
          </reporter-output>
        </test-method> <!-- beforetest -->
        <test-method status="PASS" signature="beforeclass()[pri:0, instance:iron.NewTest1@71e7a66b]" name="beforeclass" is-config="true" duration-ms="0" started-at="2019-06-24T14:29:36Z" finished-at="2019-06-24T14:29:36Z">
          <reporter-output>
          </reporter-output>
        </test-method> <!-- beforeclass -->
        <test-method status="PASS" signature="beforemethod()[pri:0, instance:iron.NewTest1@71e7a66b]" name="beforemethod" is-config="true" duration-ms="1" started-at="2019-06-24T14:29:36Z" finished-at="2019-06-24T14:29:36Z">
          <reporter-output>
          </reporter-output>
        </test-method> <!-- beforemethod -->
        <test-method status="PASS" signature="login()[pri:0, instance:iron.NewTest1@71e7a66b]" name="login" duration-ms="9" started-at="2019-06-24T14:29:36Z" finished-at="2019-06-24T14:29:36Z">
          <reporter-output>
          </reporter-output>
        </test-method> <!-- login -->
        <test-method status="PASS" signature="aftermethod()[pri:0, instance:iron.NewTest1@71e7a66b]" name="aftermethod" is-config="true" duration-ms="0" started-at="2019-06-24T14:29:36Z" finished-at="2019-06-24T14:29:36Z">
          <reporter-output>
          </reporter-output>
        </test-method> <!-- aftermethod -->
        <test-method status="PASS" signature="search()[pri:1, instance:iron.NewTest1@71e7a66b]" name="search" duration-ms="6" started-at="2019-06-24T14:29:36Z" finished-at="2019-06-24T14:29:36Z">
          <reporter-output>
          </reporter-output>
        </test-method> <!-- search -->
        <test-method status="PASS" signature="beforemethod()[pri:0, instance:iron.NewTest1@71e7a66b]" name="beforemethod" is-config="true" duration-ms="0" started-at="2019-06-24T14:29:36Z" finished-at="2019-06-24T14:29:36Z">
          <reporter-output>
          </reporter-output>
        </test-method> <!-- beforemethod -->
        <test-method status="PASS" signature="aftermethod()[pri:0, instance:iron.NewTest1@71e7a66b]" name="aftermethod" is-config="true" duration-ms="0" started-at="2019-06-24T14:29:36Z" finished-at="2019-06-24T14:29:36Z">
          <reporter-output>
          </reporter-output>
        </test-method> <!-- aftermethod -->
        <test-method status="PASS" signature="afterclass()[pri:0, instance:iron.NewTest1@71e7a66b]" name="afterclass" is-config="true" duration-ms="0" started-at="2019-06-24T14:29:36Z" finished-at="2019-06-24T14:29:36Z">
          <reporter-output>
          </reporter-output>
        </test-method> <!-- afterclass -->
        <test-method status="PASS" signature="aftertest()[pri:0, instance:iron.NewTest1@71e7a66b]" name="aftertest" is-config="true" duration-ms="0" started-at="2019-06-24T14:29:36Z" finished-at="2019-06-24T14:29:36Z">
          <reporter-output>
          </reporter-output>
        </test-method> <!-- aftertest -->
      </class> <!-- iron.NewTest1 -->
    </test> <!-- Test -->
  </suite> <!-- Suite -->
</testng-results>
